<?xml version="1.0" encoding="utf-8"?><testsuites name="pytest tests"><testsuite name="pytest" errors="0" failures="0" skipped="0" tests="5" time="0.867" timestamp="2026-07-10T16:02:44.279278+00:00" hostname="agent-env-5a519a8d-5557-43ad-b9d6-d688b89a8277"><testcase classname="backend.tests.backend_test" name="test_define_valid" time="0.771" /><testcase classname="backend.tests.backend_test" name="test_define_empty_400" time="0.010" /><testcase classname="backend.tests.backend_test" name="test_auth_me_no_cookie_401" time="0.009" /><testcase classname="backend.tests.backend_test" name="test_auth_me_with_cookie" time="0.009" /><testcase classname="backend.tests.backend_test" name="test_auth_logout_clears_cookie" time="0.016" /></testsuite></testsuites>